\BOOKMARK [0][-]{chapter*.1}{\376\377\000R\000e\000s\000u\000m\000e\000n}{}% 1
\BOOKMARK [0][-]{chapter*.2}{\376\377\000A\000b\000s\000t\000r\000a\000c\000t}{}% 2
\BOOKMARK [0][-]{chapter.1}{\376\377\000I\000n\000t\000r\000o\000d\000u\000c\000c\000i\000\363\000n\000\040\000y\000\040\000a\000n\000t\000e\000c\000e\000d\000e\000n\000t\000e\000s}{}% 3
\BOOKMARK [1][-]{section.1.1}{\376\377\000D\000e\000\040\000m\000o\000d\000e\000l\000o\000s\000\040\000s\000e\000c\000u\000e\000n\000c\000i\000a\000l\000e\000s\000\040\000a\000\040\000m\000e\000c\000a\000n\000i\000s\000m\000o\000s\000\040\000d\000e\000\040\000a\000t\000e\000n\000c\000i\000\363\000n}{chapter.1}% 4
\BOOKMARK [0][-]{chapter.2}{\376\377\000O\000b\000j\000e\000t\000i\000v\000o\000s\000\040\000d\000e\000l\000\040\000p\000r\000o\000y\000e\000c\000t\000o}{}% 5
\BOOKMARK [0][-]{chapter.3}{\376\377\000M\000a\000t\000e\000r\000i\000a\000l\000\040\000y\000\040\000m\000\351\000t\000o\000d\000o\000s}{}% 6
\BOOKMARK [1][-]{section.3.1}{\376\377\000A\000r\000q\000u\000i\000t\000e\000c\000t\000u\000r\000a\000\040\000T\000r\000a\000n\000s\000f\000o\000r\000m\000e\000r}{chapter.3}% 7
\BOOKMARK [2][-]{subsection.3.1.1}{\376\377\000P\000o\000s\000i\000t\000i\000o\000n\000a\000l\000\040\000e\000n\000c\000o\000d\000i\000n\000g}{section.3.1}% 8
\BOOKMARK [2][-]{subsection.3.1.2}{\376\377\000M\000a\000s\000k\000e\000d\000\040\000M\000u\000l\000t\000i\000-\000h\000e\000a\000d\000\040\000A\000t\000t\000e\000n\000t\000i\000o\000n}{section.3.1}% 9
\BOOKMARK [2][-]{subsection.3.1.3}{\376\377\000A\000d\000d\000\040\000\046\000\040\000N\000o\000r\000m\000\040\000s\000h\000a\000r\000m\000a\0002\0000\0002\0004\000a\000d\000d\000n\000o\000r\000m}{section.3.1}% 10
\BOOKMARK [2][-]{subsection.3.1.4}{\376\377\000F\000e\000e\000d\000\040\000F\000o\000r\000w\000a\000r\000d}{section.3.1}% 11
\BOOKMARK [2][-]{subsection.3.1.5}{\376\377\000L\000i\000n\000e\000a\000r\000\040\000y\000\040\000s\000o\000f\000t\000m\000a\000x}{section.3.1}% 12
\BOOKMARK [0][-]{chapter.4}{\376\377\000R\000e\000s\000u\000l\000t\000a\000d\000o\000s}{}% 13
\BOOKMARK [1][-]{section.4.1}{\376\377\000P\000r\000e\000p\000a\000r\000a\000c\000i\000\363\000n\000\040\000d\000e\000l\000\040\000e\000n\000t\000o\000r\000n\000o}{chapter.4}% 14
\BOOKMARK [1][-]{section.4.2}{\376\377\000A\000n\000\341\000l\000i\000s\000i\000s\000\040\000d\000e\000\040\000l\000o\000s\000\040\000d\000a\000t\000a\000s\000e\000t}{chapter.4}% 15
\BOOKMARK [2][-]{subsection.4.2.1}{\376\377\000T\000i\000n\000y\000\040\000S\000h\000a\000k\000e\000s\000p\000e\000a\000r\000e}{section.4.2}% 16
\BOOKMARK [2][-]{subsection.4.2.2}{\376\377\000W\000i\000k\000i\000T\000e\000x\000t\0002}{section.4.2}% 17
\BOOKMARK [1][-]{section.4.3}{\376\377\000L\000i\000m\000p\000i\000e\000z\000a\000\040\000y\000\040\000t\000o\000k\000e\000n\000i\000z\000a\000c\000i\000\363\000n}{chapter.4}% 18
\BOOKMARK [2][-]{subsection.4.3.1}{\376\377\000I\000m\000p\000l\000e\000m\000e\000n\000t\000a\000c\000i\000\363\000n\000\040\000d\000e\000l\000\040\000t\000o\000k\000e\000n\000i\000z\000a\000d\000o\000r\000\040\000B\000P\000E}{section.4.3}% 19
\BOOKMARK [1][-]{section.4.4}{\376\377\000E\000m\000b\000e\000d\000d\000i\000n\000g\000s\000\040\000y\000\040\000P\000o\000s\000i\000t\000i\000o\000n\000a\000l\000\040\000E\000n\000c\000o\000d\000d\000i\000n\000g}{chapter.4}% 20
\BOOKMARK [1][-]{section.4.5}{\376\377\000M\000e\000c\000a\000n\000i\000s\000m\000o\000s\000\040\000d\000e\000\040\000a\000t\000e\000n\000c\000i\000\363\000n}{chapter.4}% 21
\BOOKMARK [2][-]{subsection.4.5.1}{\376\377\000I\000m\000p\000l\000e\000m\000e\000n\000t\000a\000c\000i\000\363\000n\000\040\000m\000e\000c\000a\000n\000i\000s\000m\000o\000\040\000d\000e\000\040\000a\000t\000e\000n\000c\000i\000\363\000n}{section.4.5}% 22
\BOOKMARK [2][-]{subsection.4.5.2}{\376\377\000I\000m\000p\000l\000e\000m\000e\000n\000t\000a\000c\000i\000\363\000n\000\040\000d\000e\000\040\000l\000a\000s\000\040\000m\000\372\000l\000t\000i\000p\000l\000e\000s\000\040\000c\000a\000b\000e\000z\000a\000s\000\040\000d\000e\000\040\000a\000t\000e\000n\000c\000i\000\363\000n}{section.4.5}% 23
\BOOKMARK [1][-]{section.4.6}{\376\377\000N\000o\000r\000m\000a\000l\000i\000z\000a\000c\000i\000\363\000n\000\040\000\050\000A\000d\000d\000\040\000\046\000\040\000N\000o\000r\000m\000\051}{chapter.4}% 24
\BOOKMARK [2][-]{subsection.4.6.1}{\376\377\000I\000m\000p\000l\000e\000m\000e\000n\000t\000a\000c\000i\000\363\000n\000\040\000A\000d\000d\000\040\000\046\000\040\000N\000o\000r\000m}{section.4.6}% 25
\BOOKMARK [1][-]{section.4.7}{\376\377\000F\000e\000e\000d\000\040\000F\000o\000r\000w\000a\000r\000d}{chapter.4}% 26
\BOOKMARK [1][-]{section.4.8}{\376\377\000E\000n\000t\000r\000e\000n\000a\000m\000i\000e\000n\000t\000o}{chapter.4}% 27
\BOOKMARK [2][-]{subsection.4.8.1}{\376\377\000C\000o\000n\000f\000i\000g\000u\000r\000a\000c\000i\000\363\000n\000\040\000d\000e\000\040\000p\000a\000r\000\341\000m\000e\000t\000r\000o\000s\000\040\000d\000e\000\040\000e\000n\000t\000r\000e\000n\000a\000m\000i\000e\000n\000t\000o}{section.4.8}% 28
\BOOKMARK [2][-]{subsection.4.8.2}{\376\377\000R\000e\000g\000u\000l\000a\000c\000i\000o\000n\000e\000s}{section.4.8}% 29
\BOOKMARK [2][-]{subsection.4.8.3}{\376\377\000F\000u\000n\000c\000i\000\363\000n\000\040\000d\000e\000\040\000p\000\351\000r\000d\000i\000d\000a}{section.4.8}% 30
\BOOKMARK [2][-]{subsection.4.8.4}{\376\377\000O\000p\000t\000i\000m\000i\000z\000a\000d\000o\000r\000e\000s}{section.4.8}% 31
\BOOKMARK [2][-]{subsection.4.8.5}{\376\377\000R\000e\000s\000u\000m\000e\000n\000\040\000d\000e\000l\000\040\000m\000o\000d\000e\000l\000o\000\040\000p\000a\000r\000a\000\040\000T\000i\000n\000y\000\040\000S\000h\000a\000k\000e\000s\000p\000e\000a\000r\000e}{section.4.8}% 32
\BOOKMARK [2][-]{subsection.4.8.6}{\376\377\000V\000a\000l\000i\000d\000a\000c\000i\000\363\000n}{section.4.8}% 33
\BOOKMARK [0][-]{chapter.5}{\376\377\000C\000o\000n\000c\000l\000u\000s\000i\000o\000n\000e\000s}{}% 34
\BOOKMARK [1][-]{section.5.1}{\376\377\000P\000r\000i\000m\000e\000r\000a\000\040\000a\000p\000r\000o\000x\000i\000m\000a\000c\000i\000\363\000n\000\040\000c\000o\000n\000\040\000T\000i\000n\000y\000\040\000S\000h\000a\000k\000e\000s\000p\000e\000a\000r\000e}{chapter.5}% 35
\BOOKMARK [0][-]{appendix.Alph1}{\376\377\000A\000n\000e\000x\000o\000s}{}% 36
\BOOKMARK [1][-]{section.Alph1.1}{\376\377\000G\000E\000L\000U}{appendix.Alph1}% 37
\BOOKMARK [1][-]{section.Alph1.2}{\376\377\000X\000a\000v\000i\000e\000r\000\040\000U\000n\000i\000f\000o\000r\000m}{appendix.Alph1}% 38
\BOOKMARK [1][-]{section.Alph1.3}{\376\377\000N\000o\000r\000m\000a\000l\000\040\000u\000n\000i\000f\000o\000r\000m}{appendix.Alph1}% 39
\BOOKMARK [1][-]{section.Alph1.4}{\376\377\000E\000n\000t\000r\000o\000p\000\355\000a}{appendix.Alph1}% 40
\BOOKMARK [1][-]{section.Alph1.5}{\376\377\000M\000A\000U\000V\000E}{appendix.Alph1}% 41
\BOOKMARK [1][-]{section.Alph1.6}{\376\377\000D\000i\000s\000t\000i\000n\000c\000t\000-\000n}{appendix.Alph1}% 42
